<?xml version="1.0" encoding="UTF-8"?>
<!-- Generated by org.testng.reporters.JUnitReportReporter -->
<testsuite skipped="0" hostname="ew-aezan3-dev" name="Runner.TestRunner" tests="1" failures="0" timestamp="20 juil. 2021 16:04:32 GMT" time="95.352" errors="0">
  <testcase name="runScenario" time="95.352" classname="Runner.TestRunner"/>
</testsuite> <!-- Runner.TestRunner -->
